/*C21*/SET SCHEMA PUBLIC
drop table pakiautomaat if exists
create table pakiautomaat (id bigint generated by default as identity (start with 1), active boolean not null, closedfrom varchar(255), name varchar(255), openfrom varchar(255), riik varchar(255), skoor integer not null, primary key (id))
/*C20*/SET SCHEMA PUBLIC
INSERT INTO PAKIAUTOMAAT VALUES(1,TRUE,'20:00','Kross','08:00','Estonia',10)
COMMIT
/*C21*/drop table pakiautomaat if exists
DISCONNECT
/*C20*/DISCONNECT
/*C19*/SET SCHEMA PUBLIC
DISCONNECT
/*C18*/SET SCHEMA PUBLIC
DISCONNECT
/*C17*/SET SCHEMA PUBLIC
DISCONNECT
/*C16*/SET SCHEMA PUBLIC
DISCONNECT
/*C15*/SET SCHEMA PUBLIC
DISCONNECT
/*C14*/SET SCHEMA PUBLIC
DISCONNECT
/*C13*/SET SCHEMA PUBLIC
DISCONNECT
/*C12*/SET SCHEMA PUBLIC
DISCONNECT
/*C31*/SET SCHEMA PUBLIC
drop table pakiautomaat if exists
create table pakiautomaat (id bigint generated by default as identity (start with 1), active boolean not null, closedfrom varchar(255), name varchar(255), openfrom varchar(255), riik varchar(255), skoor integer not null, primary key (id))
drop table pakiautomaat if exists
DISCONNECT
/*C30*/SET SCHEMA PUBLIC
DISCONNECT
/*C29*/SET SCHEMA PUBLIC
DISCONNECT
/*C28*/SET SCHEMA PUBLIC
DISCONNECT
/*C27*/SET SCHEMA PUBLIC
DISCONNECT
/*C26*/SET SCHEMA PUBLIC
DISCONNECT
/*C25*/SET SCHEMA PUBLIC
DISCONNECT
/*C24*/SET SCHEMA PUBLIC
DISCONNECT
/*C23*/SET SCHEMA PUBLIC
DISCONNECT
/*C22*/SET SCHEMA PUBLIC
DISCONNECT
/*C41*/SET SCHEMA PUBLIC
drop table pakiautomaat if exists
create table pakiautomaat (id bigint generated by default as identity (start with 1), active boolean not null, closedfrom varchar(255), name varchar(255), openfrom varchar(255), riik varchar(255), skoor integer not null, primary key (id))
drop table pakiautomaat if exists
DISCONNECT
/*C40*/SET SCHEMA PUBLIC
DISCONNECT
/*C39*/SET SCHEMA PUBLIC
DISCONNECT
/*C38*/SET SCHEMA PUBLIC
DISCONNECT
/*C37*/SET SCHEMA PUBLIC
DISCONNECT
/*C36*/SET SCHEMA PUBLIC
DISCONNECT
/*C35*/SET SCHEMA PUBLIC
DISCONNECT
/*C34*/SET SCHEMA PUBLIC
DISCONNECT
/*C33*/SET SCHEMA PUBLIC
DISCONNECT
/*C32*/SET SCHEMA PUBLIC
DISCONNECT
/*C51*/SET SCHEMA PUBLIC
drop table pakiautomaat if exists
create table pakiautomaat (id bigint generated by default as identity (start with 1), active boolean not null, closedfrom varchar(255), name varchar(255), openfrom varchar(255), riik varchar(255), skoor integer not null, primary key (id))
drop table pakiautomaat if exists
DISCONNECT
/*C50*/SET SCHEMA PUBLIC
DISCONNECT
/*C49*/SET SCHEMA PUBLIC
DISCONNECT
/*C48*/SET SCHEMA PUBLIC
DISCONNECT
/*C47*/SET SCHEMA PUBLIC
DISCONNECT
/*C46*/SET SCHEMA PUBLIC
DISCONNECT
/*C45*/SET SCHEMA PUBLIC
DISCONNECT
/*C44*/SET SCHEMA PUBLIC
DISCONNECT
/*C43*/SET SCHEMA PUBLIC
DISCONNECT
/*C42*/SET SCHEMA PUBLIC
DISCONNECT
/*C61*/SET SCHEMA PUBLIC
drop table pakiautomaat if exists
create table pakiautomaat (id bigint generated by default as identity (start with 1), active boolean not null, closedfrom varchar(255), name varchar(255), openfrom varchar(255), riik varchar(255), skoor integer not null, primary key (id))
drop table pakiautomaat if exists
DISCONNECT
/*C60*/SET SCHEMA PUBLIC
DISCONNECT
/*C59*/SET SCHEMA PUBLIC
DISCONNECT
/*C58*/SET SCHEMA PUBLIC
DISCONNECT
/*C57*/SET SCHEMA PUBLIC
DISCONNECT
/*C56*/SET SCHEMA PUBLIC
DISCONNECT
/*C55*/SET SCHEMA PUBLIC
DISCONNECT
/*C54*/SET SCHEMA PUBLIC
DISCONNECT
/*C53*/SET SCHEMA PUBLIC
DISCONNECT
/*C52*/SET SCHEMA PUBLIC
DISCONNECT
/*C71*/SET SCHEMA PUBLIC
drop table pakiautomaat if exists
create table pakiautomaat (id bigint generated by default as identity (start with 1), active boolean not null, closedfrom varchar(255), name varchar(255), openfrom varchar(255), riik varchar(255), skoor integer not null, primary key (id))
drop table pakiautomaat if exists
DISCONNECT
/*C70*/SET SCHEMA PUBLIC
DISCONNECT
/*C69*/SET SCHEMA PUBLIC
DISCONNECT
/*C68*/SET SCHEMA PUBLIC
DISCONNECT
/*C67*/SET SCHEMA PUBLIC
DISCONNECT
/*C66*/SET SCHEMA PUBLIC
DISCONNECT
/*C65*/SET SCHEMA PUBLIC
DISCONNECT
/*C64*/SET SCHEMA PUBLIC
DISCONNECT
/*C63*/SET SCHEMA PUBLIC
DISCONNECT
/*C62*/SET SCHEMA PUBLIC
DISCONNECT
